#-----------------------------------------------------------
# Vivado v2018.3 (64-bit)
# SW Build 2405991 on Thu Dec  6 23:38:27 MST 2018
# IP Build 2404404 on Fri Dec  7 01:43:56 MST 2018
# Start of session at: Fri May 17 16:57:40 2019
# Process ID: 1532
# Current directory: C:/Users/Thyolo/Desktop/2019/vga3_0415
# Command line: vivado.exe -gui_launcher_event rodinguilauncherevent7608 C:\Users\Thyolo\Desktop\2019\vga3_0415\vga3_0415.xpr
# Log file: C:/Users/Thyolo/Desktop/2019/vga3_0415/vivado.log
# Journal file: C:/Users/Thyolo/Desktop/2019/vga3_0415\vivado.jou
#-----------------------------------------------------------
start_gui
open_project C:/Users/Thyolo/Desktop/2019/vga3_0415/vga3_0415.xpr
Scanning sources...
Finished scanning sources
INFO: [IP_Flow 19-234] Refreshing IP repositories
INFO: [IP_Flow 19-1704] No user IP repositories specified
INFO: [IP_Flow 19-2313] Loaded Vivado IP repository 'C:/Xilinx/Vivado/2018.3/data/ip'.
open_project: Time (s): cpu = 00:00:18 ; elapsed = 00:00:12 . Memory (MB): peak = 755.621 ; gain = 185.918
update_compile_order -fileset sources_1
exit
INFO: [Common 17-206] Exiting Vivado at Fri May 17 17:10:22 2019...
