Vivado Simulator 2018.3
Copyright 1986-1999, 2001-2018 Xilinx, Inc. All Rights Reserved.
Running: C:/Xilinx/Vivado/2018.3/bin/unwrapped/win64.o/xelab.exe -wto 8c622029a9884ec3b5c5b644298c7c03 --incr --debug typical --relax --mt 2 -L dist_mem_gen_v8_0_12 -L xil_defaultlib -L unisims_ver -L unimacro_ver -L secureip -L xpm --snapshot cpu_test_behav xil_defaultlib.cpu_test xil_defaultlib.glbl -log elaborate.log 
Using 2 slave threads.
Starting static elaboration
WARNING: [VRFC 10-3091] actual bit length 8 differs from formal bit length 9 for port 'a' [C:/Users/Thyolo/mips_cpu/mips_cpu.srcs/sim_1/new/cpu_test.v:101]
Completed static elaboration
Starting simulation data flow analysis
Completed simulation data flow analysis
Time Resolution for simulation is 1ps
Compiling module dist_mem_gen_v8_0_12.dist_mem_gen_v8_0_12(C_FAMILY="a...
Compiling module xil_defaultlib.dist_mem_gen_0
Compiling module xil_defaultlib.PC
Compiling module xil_defaultlib.IF
Compiling module xil_defaultlib.MDR
Compiling module xil_defaultlib.Mux_1
Compiling module xil_defaultlib.Mux_2
Compiling module xil_defaultlib.Mux_3
Compiling module xil_defaultlib.Mux_4
Compiling module xil_defaultlib.Mux_5
Compiling module xil_defaultlib.Mux_6
Compiling module xil_defaultlib.Regfile_default
Compiling module xil_defaultlib.SE
Compiling module xil_defaultlib.SL_1
Compiling module xil_defaultlib.SL_2
Compiling module xil_defaultlib.ALU
Compiling module xil_defaultlib.ALU_ctrl
Compiling module xil_defaultlib.CU
Compiling module xil_defaultlib.reg_self
Compiling module xil_defaultlib.cpu_test
Compiling module xil_defaultlib.glbl
Built simulation snapshot cpu_test_behav
