Copyright 1986-2018 Xilinx, Inc. All Rights Reserved.
------------------------------------------------------------------------------------
| Tool Version : Vivado v.2018.3 (win64) Build 2405991 Thu Dec  6 23:38:27 MST 2018
| Date         : Thu Mar 28 16:03:31 2019
| Host         : THYOLOAB39 running 64-bit major release  (build 9200)
| Command      : report_control_sets -verbose -file DIV_control_sets_placed.rpt
| Design       : DIV
| Device       : xc7a100t
------------------------------------------------------------------------------------

Control Set Information

Table of Contents
-----------------
1. Summary
2. Histogram
3. Flip-Flop Distribution
4. Detailed Control Set Information

1. Summary
----------

+----------------------------------------------------------+-------+
|                          Status                          | Count |
+----------------------------------------------------------+-------+
| Number of unique control sets                            |     7 |
| Unused register locations in slices containing registers |    32 |
+----------------------------------------------------------+-------+


2. Histogram
------------

+--------+--------------+
| Fanout | Control Sets |
+--------+--------------+
|      1 |            2 |
|      2 |            1 |
|      4 |            3 |
|      8 |            1 |
+--------+--------------+


3. Flip-Flop Distribution
-------------------------

+--------------+-----------------------+------------------------+-----------------+--------------+
| Clock Enable | Synchronous Set/Reset | Asynchronous Set/Reset | Total Registers | Total Slices |
+--------------+-----------------------+------------------------+-----------------+--------------+
| No           | No                    | No                     |               2 |            1 |
| No           | No                    | Yes                    |               0 |            0 |
| No           | Yes                   | No                     |               0 |            0 |
| Yes          | No                    | No                     |              14 |            6 |
| Yes          | No                    | Yes                    |               0 |            0 |
| Yes          | Yes                   | No                     |               8 |            1 |
+--------------+-----------------------+------------------------+-----------------+--------------+


4. Detailed Control Set Information
-----------------------------------

+----------------+---------------+------------------+------------------+----------------+
|  Clock Signal  | Enable Signal | Set/Reset Signal | Slice Load Count | Bel Load Count |
+----------------+---------------+------------------+------------------+----------------+
|  clk_IBUF_BUFG | done1_out     |                  |                1 |              1 |
|  clk_IBUF_BUFG | error2_out    |                  |                1 |              1 |
|  clk_IBUF_BUFG |               |                  |                1 |              2 |
|  clk_IBUF_BUFG | t[3]_i_1_n_0  |                  |                1 |              4 |
|  clk_IBUF_BUFG | x1[3]_i_1_n_0 |                  |                2 |              4 |
|  clk_IBUF_BUFG | y1[3]_i_1_n_0 |                  |                1 |              4 |
|  clk_IBUF_BUFG | q[3]_i_2_n_0  | q[3]_i_1_n_0     |                1 |              8 |
+----------------+---------------+------------------+------------------+----------------+


