#-----------------------------------------------------------
# Vivado v2018.3 (64-bit)
# SW Build 2405991 on Thu Dec  6 23:38:27 MST 2018
# IP Build 2404404 on Fri Dec  7 01:43:56 MST 2018
# Start of session at: Fri May 17 17:16:19 2019
# Process ID: 6740
# Current directory: C:/Users/Thyolo/Desktop/2019/lab3_bit
# Command line: vivado.exe -gui_launcher_event rodinguilauncherevent10056 C:\Users\Thyolo\Desktop\2019\lab3_bit\lab3_bit.xpr
# Log file: C:/Users/Thyolo/Desktop/2019/lab3_bit/vivado.log
# Journal file: C:/Users/Thyolo/Desktop/2019/lab3_bit\vivado.jou
#-----------------------------------------------------------
start_gui
open_project C:/Users/Thyolo/Desktop/2019/lab3_bit/lab3_bit.xpr
Scanning sources...
Finished scanning sources
INFO: [IP_Flow 19-234] Refreshing IP repositories
INFO: [IP_Flow 19-1704] No user IP repositories specified
INFO: [IP_Flow 19-2313] Loaded Vivado IP repository 'C:/Xilinx/Vivado/2018.3/data/ip'.
open_project: Time (s): cpu = 00:00:19 ; elapsed = 00:00:10 . Memory (MB): peak = 767.824 ; gain = 167.863
update_compile_order -fileset sources_1
exit
INFO: [Common 17-206] Exiting Vivado at Fri May 17 17:25:49 2019...
